==270== Memcheck, a memory error detector
==270== Copyright (C) 2002-2017, and GNU GPL'd, by Julian Seward et al.
==270== Using Valgrind-3.18.1 and LibVEX; rerun with -h for copyright info
==270== Command: ./bin/MyCab
==270== 
==270== 
==270== HEAP SUMMARY:
==270==     in use at exit: 3,552 bytes in 37 blocks
==270==   total heap usage: 45 allocs, 8 frees, 19,304 bytes allocated
==270== 
==270== LEAK SUMMARY:
==270==    definitely lost: 0 bytes in 0 blocks
==270==    indirectly lost: 0 bytes in 0 blocks
==270==      possibly lost: 0 bytes in 0 blocks
==270==    still reachable: 3,552 bytes in 37 blocks
==270==         suppressed: 0 bytes in 0 blocks
==270== Rerun with --leak-check=full to see details of leaked memory
==270== 
==270== For lists of detected and suppressed errors, rerun with: -s
==270== ERROR SUMMARY: 0 errors from 0 contexts (suppressed: 0 from 0)
